[60972:30280:0411/133419.168:WARNING:chrome_main_delegate.cc(745)] This is Chrome version 128.0.6613.138 (not a warning)
[60972:30280:0411/133419.454:WARNING:account_consistency_mode_manager.cc(77)] Desktop Identity Consistency cannot be enabled as no OAuth client ID and client secret have been configured.
[60972:30280:0411/133424.975:ERROR:device_event_log_impl.cc(196)] [13:34:24.643] USB: usb_service_win.cc:105 SetupDiGetDeviceProperty({{A45C254E-DF1C-4EFD-8020-67D146A850E0}, 6}) failed: Element not found. (0x490)
[70472:75764:0411/133426.984:WARNING:frame_impl.cc(430)] virtual CefFrameImpl::SendProcessMessage sent to detached frame 5-CC415E1F5657644E7D72DA4ACBF63311 will be ignored
[51896:65296:0411/133427.705:ERROR:ssl_client_socket_impl.cc(882)] handshake failed; returned -1, SSL error code 1, net_error -100
[60972:4276:0411/133428.979:WARNING:browser_info.cc(345)] Returning a speculative frame for [9,9]
[60972:4276:0411/133429.415:ERROR:cast_crl.cc(443)] CRL - Verification failed.
[60972:30280:0411/133429.643:WARNING:browser_info.cc(345)] Returning a speculative frame for [10,9]
[60972:30280:0411/133429.643:WARNING:browser_info.cc(345)] Returning a speculative frame for [10,9]
[60972:30280:0411/133429.643:WARNING:browser_info.cc(345)] Returning a speculative frame for [10,9]
[60972:30280:0411/133429.644:WARNING:browser_info.cc(345)] Returning a speculative frame for [10,9]
[60972:4276:0411/133429.646:WARNING:browser_info.cc(345)] Returning a speculative frame for [10,9]
[60972:4276:0411/133430.841:ERROR:cast_crl.cc(443)] CRL - Verification failed.
[76028:76656:0411/133436.311:WARNING:codec.cc(525)] Explicitly added H264 constrained baseline to list of supported formats.
[76028:76656:0411/133436.540:WARNING:codec.cc(525)] Explicitly added H264 constrained baseline to list of supported formats.
[76028:76660:0411/133436.551:WARNING:codec.cc(525)] Explicitly added H264 constrained baseline to list of supported formats.
[76028:76660:0411/133436.552:WARNING:codec.cc(525)] Explicitly added H264 constrained baseline to list of supported formats.
[76028:76660:0411/133436.552:WARNING:codec.cc(525)] Explicitly added H264 constrained baseline to list of supported formats.
[51896:65296:0411/133436.670:WARNING:host_resolver_dns_task.cc(863)] Address list empty after RFC3484 sort
[51896:65296:0411/133436.672:WARNING:host_resolver_dns_task.cc(863)] Address list empty after RFC3484 sort
[51896:65296:0411/133436.680:ERROR:socket_manager.cc(147)] Failed to resolve address for stun.cloudflare.com., errorcode: -105
[51896:65296:0411/133436.680:ERROR:socket_manager.cc(147)] Failed to resolve address for stun.cloudflare.com., errorcode: -105
[51896:65296:0411/133436.680:ERROR:socket_manager.cc(147)] Failed to resolve address for stun.cloudflare.com., errorcode: -105
[51896:65296:0411/133436.680:ERROR:socket_manager.cc(147)] Failed to resolve address for stun.l.google.com., errorcode: -105
[51896:65296:0411/133436.680:ERROR:socket_manager.cc(147)] Failed to resolve address for stun.l.google.com., errorcode: -105
[51896:65296:0411/133436.680:ERROR:socket_manager.cc(147)] Failed to resolve address for stun.l.google.com., errorcode: -105
[76028:76660:0411/133436.680:WARNING:stun_port.cc(442)] Port[4f62400:0:1:0:host:Net[any:0:0:0:x:x:x:x:x/0:Wildcard:id=0]]: StunPort: stun host lookup received error -1
[76028:76660:0411/133436.681:WARNING:stun_port.cc(442)] Port[4f62c00:1:1:0:host:Net[any:0:0:0:x:x:x:x:x/0:Wildcard:id=0]]: StunPort: stun host lookup received error -1
[76028:76660:0411/133436.681:WARNING:stun_port.cc(442)] Port[4f63400:2:1:0:host:Net[any:0:0:0:x:x:x:x:x/0:Wildcard:id=0]]: StunPort: stun host lookup received error -1
[76028:76660:0411/133436.681:WARNING:stun_port.cc(442)] Port[4f62400:0:1:0:host:Net[any:0:0:0:x:x:x:x:x/0:Wildcard:id=0]]: StunPort: stun host lookup received error -1
[76028:76660:0411/133436.681:WARNING:stun_port.cc(442)] Port[4f62c00:1:1:0:host:Net[any:0:0:0:x:x:x:x:x/0:Wildcard:id=0]]: StunPort: stun host lookup received error -1
[76028:76660:0411/133436.681:WARNING:stun_port.cc(442)] Port[4f63400:2:1:0:host:Net[any:0:0:0:x:x:x:x:x/0:Wildcard:id=0]]: StunPort: stun host lookup received error -1
[51896:65296:0411/133438.128:ERROR:ssl_client_socket_impl.cc(882)] handshake failed; returned -1, SSL error code 1, net_error -100
[51896:65296:0411/133438.467:ERROR:ssl_client_socket_impl.cc(882)] handshake failed; returned -1, SSL error code 1, net_error -100
[51896:65296:0411/133446.322:ERROR:ssl_client_socket_impl.cc(882)] handshake failed; returned -1, SSL error code 1, net_error -100
[51896:65296:0411/133453.526:ERROR:ssl_client_socket_impl.cc(882)] handshake failed; returned -1, SSL error code 1, net_error -100
[74668:59848:0411/133644.929:ERROR:shared_image_manager.cc(224)] SharedImageManager::ProduceSkia: Trying to Produce a Skia representation from a non-existent mailbox.
[74668:59848:0411/133644.929:ERROR:shared_image_manager.cc(224)] SharedImageManager::ProduceSkia: Trying to Produce a Skia representation from a non-existent mailbox.
