[3780:26200:0412/115402.869:WARNING:chrome_main_delegate.cc(745)] This is Chrome version 128.0.6613.138 (not a warning)
[3780:26200:0412/115402.915:WARNING:account_consistency_mode_manager.cc(77)] Desktop Identity Consistency cannot be enabled as no OAuth client ID and client secret have been configured.
[3780:36936:0412/115403.478:WARNING:leveldb_database.cc(141)] Unable to open D:\Projects\Terrarium\Terrarium\Terrarium\Saved\webcache_6613\Default\shared_proto_db\metadata: IO error: D:\Projects\Terrarium\Terrarium\Terrarium\Saved\webcache_6613\Default\shared_proto_db\metadata/MANIFEST-000001: Unable to create sequential file (ChromeMethodBFE: 7::NewSequentialFile::1)
[3780:36936:0412/115403.479:WARNING:leveldb_database.cc(141)] Unable to open D:\Projects\Terrarium\Terrarium\Terrarium\Saved\webcache_6613\Default\shared_proto_db\metadata: IO error: D:\Projects\Terrarium\Terrarium\Terrarium\Saved\webcache_6613\Default\shared_proto_db\metadata/MANIFEST-000001: Unable to create sequential file (ChromeMethodBFE: 7::NewSequentialFile::1)
[3780:10912:0412/115403.480:WARNING:leveldb_database.cc(141)] Unable to open D:\Projects\Terrarium\Terrarium\Terrarium\Saved\webcache_6613\Default\shared_proto_db\metadata: IO error: D:\Projects\Terrarium\Terrarium\Terrarium\Saved\webcache_6613\Default\shared_proto_db\metadata/MANIFEST-000001: Unable to create sequential file (ChromeMethodBFE: 7::NewSequentialFile::1)
[3780:16656:0412/115403.481:WARNING:leveldb_database.cc(141)] Unable to open D:\Projects\Terrarium\Terrarium\Terrarium\Saved\webcache_6613\Default\shared_proto_db\metadata: IO error: D:\Projects\Terrarium\Terrarium\Terrarium\Saved\webcache_6613\Default\shared_proto_db\metadata/MANIFEST-000001: Unable to create sequential file (ChromeMethodBFE: 7::NewSequentialFile::1)
[3780:16656:0412/115404.678:WARNING:value_store_frontend.cc(47)] Reading ahfgeienlihckogmohjhadlkjgocpleb.alarms from  failed: IO error: .../MANIFEST-000001: Unable to create sequential file (ChromeMethodBFE: 7::NewSequentialFile::1)
[3780:16656:0412/115404.679:WARNING:value_store_frontend.cc(47)] Reading mhjfbmdgcfjbbpaeojofohoefgiehjai.alarms from  failed: IO error: .../MANIFEST-000001: Unable to create sequential file (ChromeMethodBFE: 7::NewSequentialFile::1)
[2636:36752:0412/115405.253:WARNING:frame_impl.cc(430)] virtual CefFrameImpl::SendProcessMessage sent to detached frame 5-F7049AED824498D0AE890DD9EFCBAB0B will be ignored
[37584:35496:0412/115406.191:WARNING:frame_impl.cc(430)] virtual CefFrameImpl::SendProcessMessage sent to detached frame 6-F0F578B1AFF7989DF8EDAA0EA58DF5A9 will be ignored
[15580:29872:0412/115409.279:ERROR:ssl_client_socket_impl.cc(882)] handshake failed; returned -1, SSL error code 1, net_error -100
[15580:29872:0412/115409.307:ERROR:ssl_client_socket_impl.cc(882)] handshake failed; returned -1, SSL error code 1, net_error -100
[15580:29872:0412/115409.391:ERROR:ssl_client_socket_impl.cc(882)] handshake failed; returned -1, SSL error code 1, net_error -107
[15580:29872:0412/115409.412:ERROR:ssl_client_socket_impl.cc(882)] handshake failed; returned -1, SSL error code 1, net_error -100
[3780:27932:0412/115410.716:ERROR:cast_crl.cc(443)] CRL - Verification failed.
[3780:27932:0412/115410.822:ERROR:cast_crl.cc(443)] CRL - Verification failed.
[15580:29872:0412/115420.102:ERROR:ssl_client_socket_impl.cc(882)] handshake failed; returned -1, SSL error code 1, net_error -107
[15580:29872:0412/115422.334:ERROR:ssl_client_socket_impl.cc(882)] handshake failed; returned -1, SSL error code 1, net_error -100
[15580:29872:0412/115428.020:ERROR:ssl_client_socket_impl.cc(882)] handshake failed; returned -1, SSL error code 1, net_error -100
[15580:29872:0412/115436.422:ERROR:ssl_client_socket_impl.cc(882)] handshake failed; returned -1, SSL error code 1, net_error -100
[22180:1680:0412/120205.373:WARNING:angle_platform_impl.cc(49)] HLSLCompiler.cpp:250 (rx::HLSLCompiler::compileToBinary): 
C:\fakepath(103,1-6): warning X4000: use of potentially uninitialized variable (dyn_index_vec4_float4_int)

[22180:31724:0412/120205.457:WARNING:angle_platform_impl.cc(49)] HLSLCompiler.cpp:250 (rx::HLSLCompiler::compileToBinary): 
C:\fakepath(136,1): warning X4000: use of potentially uninitialized variable (f_i_int_int_int2)
C:\fakepath(138,1): warning X4000: use of potentially uninitialized variable (f_i_int_int_int2)
C:\fakepath(174,1): warning X4000: use of potentially uninitialized variable (f_u_int_int_int)

[22180:14548:0412/120205.872:WARNING:angle_platform_impl.cc(49)] HLSLCompiler.cpp:250 (rx::HLSLCompiler::compileToBinary): 
C:\fakepath(166,1): warning X4000: use of potentially uninitialized variable (f_renderMipMapLevel_int)

[22180:34112:0412/120205.932:WARNING:angle_platform_impl.cc(49)] HLSLCompiler.cpp:250 (rx::HLSLCompiler::compileToBinary): 
C:\fakepath(382,11-39): warning X4008: floating point division by zero
C:\fakepath(382,11-39): warning X4008: floating point division by zero

[3780:26200:0412/122203.143:WARNING:pref_notifier_impl.cc(41)] Pref observer for media_router.cast_allow_all_ips found at shutdown.
