[59680:58880:0410/063444.609:WARNING:chrome_main_delegate.cc(745)] This is Chrome version 128.0.6613.138 (not a warning)
[59680:58880:0410/063444.662:WARNING:account_consistency_mode_manager.cc(77)] Desktop Identity Consistency cannot be enabled as no OAuth client ID and client secret have been configured.
[71212:71216:0410/063448.476:WARNING:frame_impl.cc(430)] virtual CefFrameImpl::SendProcessMessage sent to detached frame 5-DE8B34DB3089DB2EFD2C29D6F81349C0 will be ignored
[70784:54360:0410/063451.816:ERROR:ssl_client_socket_impl.cc(882)] handshake failed; returned -1, SSL error code 1, net_error -100
[70784:54360:0410/063451.819:ERROR:ssl_client_socket_impl.cc(882)] handshake failed; returned -1, SSL error code 1, net_error -100
[70784:54360:0410/063452.482:ERROR:ssl_client_socket_impl.cc(882)] handshake failed; returned -1, SSL error code 1, net_error -100
[70784:54360:0410/063452.487:ERROR:ssl_client_socket_impl.cc(882)] handshake failed; returned -1, SSL error code 1, net_error -100
[59680:58880:0410/063453.807:ERROR:device_event_log_impl.cc(196)] [06:34:53.477] USB: usb_service_win.cc:105 SetupDiGetDeviceProperty({{A45C254E-DF1C-4EFD-8020-67D146A850E0}, 6}) failed: Element not found. (0x490)
[59680:70900:0410/063457.582:ERROR:cast_crl.cc(443)] CRL - Verification failed.
[59680:70900:0410/063459.762:ERROR:cast_crl.cc(443)] CRL - Verification failed.
[70784:54360:0410/063501.816:ERROR:ssl_client_socket_impl.cc(882)] handshake failed; returned -1, SSL error code 1, net_error -107
[70784:54360:0410/063505.155:ERROR:ssl_client_socket_impl.cc(882)] handshake failed; returned -1, SSL error code 1, net_error -100
[70784:54360:0410/063511.822:ERROR:ssl_client_socket_impl.cc(882)] handshake failed; returned -1, SSL error code 1, net_error -100
[70784:54360:0410/063519.500:ERROR:ssl_client_socket_impl.cc(882)] handshake failed; returned -1, SSL error code 1, net_error -100
[59680:58880:0410/063635.814:ERROR:device_event_log_impl.cc(196)] [06:36:35.798] USB: usb_service_win.cc:105 SetupDiGetDeviceProperty({{A45C254E-DF1C-4EFD-8020-67D146A850E0}, 6}) failed: Element not found. (0x490)
[70784:54360:0410/064451.006:ERROR:ssl_client_socket_impl.cc(882)] handshake failed; returned -1, SSL error code 1, net_error -100
[70784:54360:0410/064451.026:ERROR:ssl_client_socket_impl.cc(882)] handshake failed; returned -1, SSL error code 1, net_error -100
[70784:54360:0410/064505.406:ERROR:ssl_client_socket_impl.cc(882)] handshake failed; returned -1, SSL error code 1, net_error -100
[70784:54360:0410/064516.566:ERROR:ssl_client_socket_impl.cc(882)] handshake failed; returned -1, SSL error code 1, net_error -107
[70784:54360:0410/071851.870:ERROR:ssl_client_socket_impl.cc(882)] handshake failed; returned -1, SSL error code 1, net_error -100
[70784:54360:0410/071852.553:ERROR:ssl_client_socket_impl.cc(882)] handshake failed; returned -1, SSL error code 1, net_error -107
[70784:54360:0410/071907.898:ERROR:ssl_client_socket_impl.cc(882)] handshake failed; returned -1, SSL error code 1, net_error -100
[70784:54360:0410/071918.555:ERROR:ssl_client_socket_impl.cc(882)] handshake failed; returned -1, SSL error code 1, net_error -100
[59680:58880:0410/072025.844:WARNING:pref_notifier_impl.cc(41)] Pref observer for media_router.cast_allow_all_ips found at shutdown.
